# JRE version: OpenJDK Runtime Environment (11.0.8+10) (build 11.0.8+10-b944.6842174)
# Java VM: OpenJDK 64-Bit Server VM (11.0.8+10-b944.6842174, mixed mode, tiered, compressed oops, g1 gc, windows-amd64)
Heap:
 garbage-first heap   total 777216K, used 265565K [0x0000000080000000, 0x0000000100000000)
  region size 1024K, 3 young (3072K), 3 survivors (3072K)
 Metaspace       used 134398K, capacity 138410K, committed 138660K, reserved 1169408K
  class space    used 16804K, capacity 18154K, committed 18176K, reserved 1048576K
GC Heap History (20 events):
Event: 562.136 GC heap after
{Heap after GC invocations=37 (full 0):
 garbage-first heap   total 266240K, used 179498K [0x0000000080000000, 0x0000000100000000)
  region size 1024K, 5 young (5120K), 5 survivors (5120K)
 Metaspace       used 125562K, capacity 129272K, committed 129572K, reserved 1161216K
  class space    used 15683K, capacity 16918K, committed 17024K, reserved 1048576K
}
Event: 562.429 GC heap before
{Heap before GC invocations=38 (full 0):
 garbage-first heap   total 266240K, used 221482K [0x0000000080000000, 0x0000000100000000)
  region size 1024K, 46 young (47104K), 5 survivors (5120K)
 Metaspace       used 128619K, capacity 132425K, committed 132644K, reserved 1165312K
  class space    used 16178K, capacity 17418K, committed 17536K, reserved 1048576K
}
Event: 562.447 GC heap after
{Heap after GC invocations=39 (full 0):
 garbage-first heap   total 266240K, used 190699K [0x0000000080000000, 0x0000000100000000)
  region size 1024K, 6 young (6144K), 6 survivors (6144K)
 Metaspace       used 128619K, capacity 132425K, committed 132644K, reserved 1165312K
  class space    used 16178K, capacity 17418K, committed 17536K, reserved 1048576K
}
Event: 562.523 GC heap before
{Heap before GC invocations=39 (full 0):
 garbage-first heap   total 266240K, used 197867K [0x0000000080000000, 0x0000000100000000)
  region size 1024K, 13 young (13312K), 6 survivors (6144K)
 Metaspace       used 129743K, capacity 133439K, committed 133668K, reserved 1165312K
  class space    used 16308K, capacity 17520K, committed 17536K, reserved 1048576K
}
Event: 562.536 GC heap after
{Heap after GC invocations=40 (full 0):
 garbage-first heap   total 266240K, used 192212K [0x0000000080000000, 0x0000000100000000)
  region size 1024K, 2 young (2048K), 2 survivors (2048K)
 Metaspace       used 129743K, capacity 133439K, committed 133668K, reserved 1165312K
  class space    used 16308K, capacity 17520K, committed 17536K, reserved 1048576K
}
Event: 562.670 GC heap before
{Heap before GC invocations=40 (full 0):
 garbage-first heap   total 266240K, used 220884K [0x0000000080000000, 0x0000000100000000)
  region size 1024K, 32 young (32768K), 2 survivors (2048K)
 Metaspace       used 130040K, capacity 133782K, committed 134052K, reserved 1165312K
  class space    used 16339K, capacity 17588K, committed 17664K, reserved 1048576K
}
Event: 562.683 GC heap after
{Heap after GC invocations=41 (full 0):
 garbage-first heap   total 266240K, used 206170K [0x0000000080000000, 0x0000000100000000)
  region size 1024K, 4 young (4096K), 4 survivors (4096K)
 Metaspace       used 130040K, capacity 133782K, committed 134052K, reserved 1165312K
  class space    used 16339K, capacity 17588K, committed 17664K, reserved 1048576K
}
Event: 562.744 GC heap before
{Heap before GC invocations=41 (full 0):
 garbage-first heap   total 266240K, used 224602K [0x0000000080000000, 0x0000000100000000)
  region size 1024K, 21 young (21504K), 4 survivors (4096K)
 Metaspace       used 130057K, capacity 133795K, committed 134052K, reserved 1165312K
  class space    used 16340K, capacity 17591K, committed 17664K, reserved 1048576K
}
Event: 562.758 GC heap after
{Heap after GC invocations=42 (full 0):
 garbage-first heap   total 266240K, used 215294K [0x0000000080000000, 0x0000000100000000)
  region size 1024K, 3 young (3072K), 3 survivors (3072K)
 Metaspace       used 130057K, capacity 133795K, committed 134052K, reserved 1165312K
  class space    used 16340K, capacity 17591K, committed 17664K, reserved 1048576K
}
Event: 562.813 GC heap before
{Heap before GC invocations=42 (full 0):
 garbage-first heap   total 266240K, used 225534K [0x0000000080000000, 0x0000000100000000)
  region size 1024K, 14 young (14336K), 3 survivors (3072K)
 Metaspace       used 130086K, capacity 133806K, committed 134052K, reserved 1165312K
  class space    used 16344K, capacity 17593K, committed 17664K, reserved 1048576K
}
Event: 562.823 GC heap after
{Heap after GC invocations=43 (full 0):
 garbage-first heap   total 266240K, used 221184K [0x0000000080000000, 0x0000000100000000)
  region size 1024K, 2 young (2048K), 2 survivors (2048K)
 Metaspace       used 130086K, capacity 133806K, committed 134052K, reserved 1165312K
  class space    used 16344K, capacity 17593K, committed 17664K, reserved 1048576K
}
Event: 562.872 GC heap before
{Heap before GC invocations=43 (full 0):
 garbage-first heap   total 266240K, used 232448K [0x0000000080000000, 0x0000000100000000)
  region size 1024K, 13 young (13312K), 2 survivors (2048K)
 Metaspace       used 130208K, capacity 133937K, committed 134052K, reserved 1165312K
  class space    used 16358K, capacity 17593K, committed 17664K, reserved 1048576K
}
Event: 562.882 GC heap after
{Heap after GC invocations=44 (full 0):
 garbage-first heap   total 446464K, used 227188K [0x0000000080000000, 0x0000000100000000)
  region size 1024K, 2 young (2048K), 2 survivors (2048K)
 Metaspace       used 130208K, capacity 133937K, committed 134052K, reserved 1165312K
  class space    used 16358K, capacity 17593K, committed 17664K, reserved 1048576K
}
Event: 563.385 GC heap before
{Heap before GC invocations=45 (full 0):
 garbage-first heap   total 446464K, used 312180K [0x0000000080000000, 0x0000000100000000)
  region size 1024K, 85 young (87040K), 2 survivors (2048K)
 Metaspace       used 132483K, capacity 136378K, committed 136612K, reserved 1167360K
  class space    used 16627K, capacity 17919K, committed 17920K, reserved 1048576K
}
Event: 563.411 GC heap after
{Heap after GC invocations=46 (full 0):
 garbage-first heap   total 446464K, used 256392K [0x0000000080000000, 0x0000000100000000)
  region size 1024K, 11 young (11264K), 11 survivors (11264K)
 Metaspace       used 132483K, capacity 136378K, committed 136612K, reserved 1167360K
  class space    used 16627K, capacity 17919K, committed 17920K, reserved 1048576K
}
Event: 563.818 GC heap before
{Heap before GC invocations=46 (full 0):
 garbage-first heap   total 446464K, used 302472K [0x0000000080000000, 0x0000000100000000)
  region size 1024K, 58 young (59392K), 11 survivors (11264K)
 Metaspace       used 133176K, capacity 137076K, committed 137252K, reserved 1169408K
  class space    used 16699K, capacity 17989K, committed 18048K, reserved 1048576K
}
Event: 563.849 GC heap after
{Heap after GC invocations=47 (full 0):
 garbage-first heap   total 446464K, used 263777K [0x0000000080000000, 0x0000000100000000)
  region size 1024K, 7 young (7168K), 7 survivors (7168K)
 Metaspace       used 133176K, capacity 137076K, committed 137252K, reserved 1169408K
  class space    used 16699K, capacity 17989K, committed 18048K, reserved 1048576K
}
Event: 564.374 GC heap before
{Heap before GC invocations=48 (full 0):
 garbage-first heap   total 446464K, used 329313K [0x0000000080000000, 0x0000000100000000)
  region size 1024K, 73 young (74752K), 7 survivors (7168K)
 Metaspace       used 133853K, capacity 137774K, committed 138020K, reserved 1169408K
  class space    used 16754K, capacity 18048K, committed 18048K, reserved 1048576K
}
Event: 564.397 GC heap after
{Heap after GC invocations=49 (full 0):
 garbage-first heap   total 446464K, used 272283K [0x0000000080000000, 0x0000000100000000)
  region size 1024K, 10 young (10240K), 10 survivors (10240K)
 Metaspace       used 133853K, capacity 137774K, committed 138020K, reserved 1169408K
  class space    used 16754K, capacity 18048K, committed 18048K, reserved 1048576K
}
Event: 564.476 GC heap before
{Heap before GC invocations=49 (full 0):
 garbage-first heap   total 446464K, used 283547K [0x0000000080000000, 0x0000000100000000)
  region size 1024K, 21 young (21504K), 10 survivors (10240K)
 Metaspace       used 134398K, capacity 138410K, committed 138660K, reserved 1169408K
  class space    used 16804K, capacity 18154K, committed 18176K, reserved 1048576K
}

