# JRE version: OpenJDK Runtime Environment (11.0.8+10) (build 11.0.8+10-b944.6842174)
# Java VM: OpenJDK 64-Bit Server VM (11.0.8+10-b944.6842174, mixed mode, tiered, compressed oops, g1 gc, windows-amd64)
Heap:
 garbage-first heap   total 431104K, used 342786K [0x0000000080000000, 0x0000000100000000)
  region size 1024K, 144 young (147456K), 16 survivors (16384K)
 Metaspace       used 237318K, capacity 245045K, committed 245152K, reserved 1261568K
  class space    used 29478K, capacity 32192K, committed 32256K, reserved 1048576K
GC Heap History (20 events):
Event: 1238.853 GC heap before
{Heap before GC invocations=72 (full 0):
 garbage-first heap   total 431104K, used 352675K [0x0000000080000000, 0x0000000100000000)
  region size 1024K, 156 young (159744K), 2 survivors (2048K)
 Metaspace       used 216159K, capacity 223094K, committed 223392K, reserved 1243136K
  class space    used 26988K, capacity 29373K, committed 29440K, reserved 1048576K
}
Event: 1238.862 GC heap after
{Heap after GC invocations=73 (full 0):
 garbage-first heap   total 431104K, used 194626K [0x0000000080000000, 0x0000000100000000)
  region size 1024K, 2 young (2048K), 2 survivors (2048K)
 Metaspace       used 216159K, capacity 223094K, committed 223392K, reserved 1243136K
  class space    used 26988K, capacity 29373K, committed 29440K, reserved 1048576K
}
Event: 1266.637 GC heap before
{Heap before GC invocations=74 (full 0):
 garbage-first heap   total 431104K, used 365506K [0x0000000080000000, 0x0000000100000000)
  region size 1024K, 161 young (164864K), 2 survivors (2048K)
 Metaspace       used 219197K, capacity 226147K, committed 226336K, reserved 1245184K
  class space    used 27291K, capacity 29715K, committed 29824K, reserved 1048576K
}
Event: 1266.648 GC heap after
{Heap after GC invocations=75 (full 0):
 garbage-first heap   total 431104K, used 202268K [0x0000000080000000, 0x0000000100000000)
  region size 1024K, 11 young (11264K), 11 survivors (11264K)
 Metaspace       used 219197K, capacity 226147K, committed 226336K, reserved 1245184K
  class space    used 27291K, capacity 29715K, committed 29824K, reserved 1048576K
}
Event: 1266.719 GC heap before
{Heap before GC invocations=75 (full 0):
 garbage-first heap   total 431104K, used 212508K [0x0000000080000000, 0x0000000100000000)
  region size 1024K, 21 young (21504K), 11 survivors (11264K)
 Metaspace       used 219337K, capacity 226371K, committed 226592K, reserved 1247232K
  class space    used 27306K, capacity 29747K, committed 29824K, reserved 1048576K
}
Event: 1266.730 GC heap after
{Heap after GC invocations=76 (full 0):
 garbage-first heap   total 431104K, used 201168K [0x0000000080000000, 0x0000000100000000)
  region size 1024K, 2 young (2048K), 2 survivors (2048K)
 Metaspace       used 219337K, capacity 226371K, committed 226592K, reserved 1247232K
  class space    used 27306K, capacity 29747K, committed 29824K, reserved 1048576K
}
Event: 1267.072 GC heap before
{Heap before GC invocations=76 (full 0):
 garbage-first heap   total 431104K, used 245200K [0x0000000080000000, 0x0000000100000000)
  region size 1024K, 47 young (48128K), 2 survivors (2048K)
 Metaspace       used 219505K, capacity 226502K, committed 226592K, reserved 1247232K
  class space    used 27306K, capacity 29747K, committed 29824K, reserved 1048576K
}
Event: 1267.080 GC heap after
{Heap after GC invocations=77 (full 0):
 garbage-first heap   total 431104K, used 207499K [0x0000000080000000, 0x0000000100000000)
  region size 1024K, 8 young (8192K), 8 survivors (8192K)
 Metaspace       used 219505K, capacity 226502K, committed 226592K, reserved 1247232K
  class space    used 27306K, capacity 29747K, committed 29824K, reserved 1048576K
}
Event: 1269.413 GC heap before
{Heap before GC invocations=78 (full 0):
 garbage-first heap   total 431104K, used 380555K [0x0000000080000000, 0x0000000100000000)
  region size 1024K, 152 young (155648K), 8 survivors (8192K)
 Metaspace       used 225203K, capacity 232202K, committed 232480K, reserved 1251328K
  class space    used 27857K, capacity 30296K, committed 30336K, reserved 1048576K
}
Event: 1269.434 GC heap after
{Heap after GC invocations=79 (full 0):
 garbage-first heap   total 431104K, used 227661K [0x0000000080000000, 0x0000000100000000)
  region size 1024K, 19 young (19456K), 19 survivors (19456K)
 Metaspace       used 225203K, capacity 232202K, committed 232480K, reserved 1251328K
  class space    used 27857K, capacity 30296K, committed 30336K, reserved 1048576K
}
Event: 1269.448 GC heap before
{Heap before GC invocations=79 (full 0):
 garbage-first heap   total 431104K, used 229709K [0x0000000080000000, 0x0000000100000000)
  region size 1024K, 21 young (21504K), 19 survivors (19456K)
 Metaspace       used 225206K, capacity 232202K, committed 232480K, reserved 1251328K
  class space    used 27857K, capacity 30296K, committed 30336K, reserved 1048576K
}
Event: 1269.480 GC heap after
{Heap after GC invocations=80 (full 0):
 garbage-first heap   total 431104K, used 222570K [0x0000000080000000, 0x0000000100000000)
  region size 1024K, 3 young (3072K), 3 survivors (3072K)
 Metaspace       used 225206K, capacity 232202K, committed 232480K, reserved 1251328K
  class space    used 27857K, capacity 30296K, committed 30336K, reserved 1048576K
}
Event: 1270.165 GC heap before
{Heap before GC invocations=80 (full 0):
 garbage-first heap   total 431104K, used 304490K [0x0000000080000000, 0x0000000100000000)
  region size 1024K, 85 young (87040K), 3 survivors (3072K)
 Metaspace       used 226834K, capacity 233861K, committed 234144K, reserved 1253376K
  class space    used 27983K, capacity 30399K, committed 30464K, reserved 1048576K
}
Event: 1270.175 GC heap after
{Heap after GC invocations=81 (full 0):
 garbage-first heap   total 431104K, used 221514K [0x0000000080000000, 0x0000000100000000)
  region size 1024K, 2 young (2048K), 2 survivors (2048K)
 Metaspace       used 226834K, capacity 233861K, committed 234144K, reserved 1253376K
  class space    used 27983K, capacity 30399K, committed 30464K, reserved 1048576K
}
Event: 1271.808 GC heap before
{Heap before GC invocations=82 (full 0):
 garbage-first heap   total 431104K, used 354634K [0x0000000080000000, 0x0000000100000000)
  region size 1024K, 135 young (138240K), 2 survivors (2048K)
 Metaspace       used 228805K, capacity 235955K, committed 236192K, reserved 1255424K
  class space    used 28222K, capacity 30711K, committed 30720K, reserved 1048576K
}
Event: 1271.818 GC heap after
{Heap after GC invocations=83 (full 0):
 garbage-first heap   total 431104K, used 223116K [0x0000000080000000, 0x0000000100000000)
  region size 1024K, 7 young (7168K), 7 survivors (7168K)
 Metaspace       used 228805K, capacity 235955K, committed 236192K, reserved 1255424K
  class space    used 28222K, capacity 30711K, committed 30720K, reserved 1048576K
}
Event: 1271.902 GC heap before
{Heap before GC invocations=83 (full 0):
 garbage-first heap   total 431104K, used 236428K [0x0000000080000000, 0x0000000100000000)
  region size 1024K, 21 young (21504K), 7 survivors (7168K)
 Metaspace       used 230017K, capacity 237280K, committed 237472K, reserved 1255424K
  class space    used 28402K, capacity 30919K, committed 30976K, reserved 1048576K
}
Event: 1271.918 GC heap after
{Heap after GC invocations=84 (full 0):
 garbage-first heap   total 431104K, used 200571K [0x0000000080000000, 0x0000000100000000)
  region size 1024K, 3 young (3072K), 3 survivors (3072K)
 Metaspace       used 230017K, capacity 237280K, committed 237472K, reserved 1255424K
  class space    used 28402K, capacity 30919K, committed 30976K, reserved 1048576K
}
Event: 1272.632 GC heap before
{Heap before GC invocations=84 (full 0):
 garbage-first heap   total 431104K, used 349051K [0x0000000080000000, 0x0000000100000000)
  region size 1024K, 149 young (152576K), 3 survivors (3072K)
 Metaspace       used 237153K, capacity 244896K, committed 245152K, reserved 1261568K
  class space    used 29478K, capacity 32210K, committed 32256K, reserved 1048576K
}
Event: 1272.655 GC heap after
{Heap after GC invocations=85 (full 0):
 garbage-first heap   total 431104K, used 213762K [0x0000000080000000, 0x0000000100000000)
  region size 1024K, 16 young (16384K), 16 survivors (16384K)
 Metaspace       used 237153K, capacity 244896K, committed 245152K, reserved 1261568K
  class space    used 29478K, capacity 32210K, committed 32256K, reserved 1048576K
}

