# JRE version: OpenJDK Runtime Environment (11.0.8+10) (build 11.0.8+10-b944.6842174)
# Java VM: OpenJDK 64-Bit Server VM (11.0.8+10-b944.6842174, mixed mode, tiered, compressed oops, g1 gc, windows-amd64)
Heap:
 garbage-first heap   total 312320K, used 62562K [0x0000000703a00000, 0x0000000800000000)
  region size 1024K, 40 young (40960K), 3 survivors (3072K)
 Metaspace       used 44038K, capacity 44612K, committed 44828K, reserved 1089536K
  class space    used 5212K, capacity 5419K, committed 5504K, reserved 1048576K
GC Heap History (10 events):
Event: 0.395 GC heap before
{Heap before GC invocations=0 (full 0):
 garbage-first heap   total 260096K, used 27648K [0x0000000703a00000, 0x0000000800000000)
  region size 1024K, 24 young (24576K), 0 survivors (0K)
 Metaspace       used 12204K, capacity 12341K, committed 12544K, reserved 1060864K
  class space    used 1144K, capacity 1174K, committed 1280K, reserved 1048576K
}
Event: 0.398 GC heap after
{Heap after GC invocations=1 (full 0):
 garbage-first heap   total 260096K, used 5715K [0x0000000703a00000, 0x0000000800000000)
  region size 1024K, 3 young (3072K), 3 survivors (3072K)
 Metaspace       used 12204K, capacity 12341K, committed 12544K, reserved 1060864K
  class space    used 1144K, capacity 1174K, committed 1280K, reserved 1048576K
}
Event: 0.806 GC heap before
{Heap before GC invocations=1 (full 0):
 garbage-first heap   total 260096K, used 43603K [0x0000000703a00000, 0x0000000800000000)
  region size 1024K, 41 young (41984K), 3 survivors (3072K)
 Metaspace       used 20979K, capacity 21199K, committed 21248K, reserved 1069056K
  class space    used 2218K, capacity 2299K, committed 2304K, reserved 1048576K
}
Event: 0.813 GC heap after
{Heap after GC invocations=2 (full 0):
 garbage-first heap   total 260096K, used 9467K [0x0000000703a00000, 0x0000000800000000)
  region size 1024K, 7 young (7168K), 7 survivors (7168K)
 Metaspace       used 20979K, capacity 21199K, committed 21248K, reserved 1069056K
  class space    used 2218K, capacity 2299K, committed 2304K, reserved 1048576K
}
Event: 1.455 GC heap before
{Heap before GC invocations=3 (full 0):
 garbage-first heap   total 260096K, used 75003K [0x0000000703a00000, 0x0000000800000000)
  region size 1024K, 59 young (60416K), 7 survivors (7168K)
 Metaspace       used 31630K, capacity 32078K, committed 32124K, reserved 1077248K
  class space    used 3756K, capacity 3935K, committed 3968K, reserved 1048576K
}
Event: 1.463 GC heap after
{Heap after GC invocations=4 (full 0):
 garbage-first heap   total 260096K, used 23706K [0x0000000703a00000, 0x0000000800000000)
  region size 1024K, 8 young (8192K), 8 survivors (8192K)
 Metaspace       used 31630K, capacity 32078K, committed 32124K, reserved 1077248K
  class space    used 3756K, capacity 3935K, committed 3968K, reserved 1048576K
}
Event: 1.612 GC heap before
{Heap before GC invocations=4 (full 0):
 garbage-first heap   total 260096K, used 38042K [0x0000000703a00000, 0x0000000800000000)
  region size 1024K, 22 young (22528K), 8 survivors (8192K)
 Metaspace       used 34500K, capacity 34972K, committed 35068K, reserved 1079296K
  class space    used 4067K, capacity 4260K, committed 4352K, reserved 1048576K
}
Event: 1.617 GC heap after
{Heap after GC invocations=5 (full 0):
 garbage-first heap   total 260096K, used 23458K [0x0000000703a00000, 0x0000000800000000)
  region size 1024K, 2 young (2048K), 2 survivors (2048K)
 Metaspace       used 34500K, capacity 34972K, committed 35068K, reserved 1079296K
  class space    used 4067K, capacity 4260K, committed 4352K, reserved 1048576K
}
Event: 1.657 GC heap before
{Heap before GC invocations=5 (full 0):
 garbage-first heap   total 260096K, used 27554K [0x0000000703a00000, 0x0000000800000000)
  region size 1024K, 7 young (7168K), 2 survivors (2048K)
 Metaspace       used 35413K, capacity 35882K, committed 36048K, reserved 1081344K
  class space    used 4163K, capacity 4328K, committed 4352K, reserved 1048576K
}
Event: 1.660 GC heap after
{Heap after GC invocations=6 (full 0):
 garbage-first heap   total 312320K, used 23650K [0x0000000703a00000, 0x0000000800000000)
  region size 1024K, 3 young (3072K), 3 survivors (3072K)
 Metaspace       used 35413K, capacity 35882K, committed 36048K, reserved 1081344K
  class space    used 4163K, capacity 4328K, committed 4352K, reserved 1048576K
}

